<?xml version="1.0" encoding="UTF-8"?>
<coverage generated="1662276422107" clover="3.2.0">
  <project timestamp="1662276422107" name="All files">
    <metrics statements="11" coveredstatements="0" conditionals="0" coveredconditionals="0" methods="0" coveredmethods="0" elements="11" coveredelements="0" complexity="0" loc="11" ncloc="11" packages="1" files="2" classes="2"/>
    <file name="main.ts" path="/Users/fengwenxuan/Desktop/webpack_base/src/main.ts">
      <metrics statements="5" coveredstatements="0" conditionals="0" coveredconditionals="0" methods="0" coveredmethods="0"/>
      <line num="1" count="0" type="stmt"/>
      <line num="2" count="0" type="stmt"/>
      <line num="3" count="0" type="stmt"/>
      <line num="4" count="0" type="stmt"/>
      <line num="6" count="0" type="stmt"/>
    </file>
    <file name="router.ts" path="/Users/fengwenxuan/Desktop/webpack_base/src/router.ts">
      <metrics statements="6" coveredstatements="0" conditionals="0" coveredconditionals="0" methods="0" coveredmethods="0"/>
      <line num="1" count="0" type="stmt"/>
      <line num="2" count="0" type="stmt"/>
      <line num="3" count="0" type="stmt"/>
      <line num="5" count="0" type="stmt"/>
      <line num="7" count="0" type="stmt"/>
      <line num="23" count="0" type="stmt"/>
    </file>
  </project>
</coverage>
